{"/home/michael/OdinProjectRepos/odin-testing-practice/js/calculator.js": {"path":"/home/michael/OdinProjectRepos/odin-testing-practice/js/calculator.js","statementMap":{"0":{"start":{"line":2,"column":19},"end":{"line":9,"column":4}},"1":{"start":{"line":3,"column":14},"end":{"line":3,"column":29}},"2":{"start":{"line":3,"column":24},"end":{"line":3,"column":29}},"3":{"start":{"line":4,"column":14},"end":{"line":4,"column":29}},"4":{"start":{"line":4,"column":24},"end":{"line":4,"column":29}},"5":{"start":{"line":5,"column":14},"end":{"line":5,"column":29}},"6":{"start":{"line":5,"column":24},"end":{"line":5,"column":29}},"7":{"start":{"line":6,"column":14},"end":{"line":6,"column":29}},"8":{"start":{"line":6,"column":24},"end":{"line":6,"column":29}},"9":{"start":{"line":8,"column":2},"end":{"line":8,"column":32}},"10":{"start":{"line":15,"column":0},"end":{"line":15,"column":28}}},"fnMap":{"0":{"name":"(anonymous_0)","decl":{"start":{"line":2,"column":20},"end":{"line":2,"column":21}},"loc":{"start":{"line":2,"column":32},"end":{"line":9,"column":1}},"line":2},"1":{"name":"(anonymous_1)","decl":{"start":{"line":3,"column":14},"end":{"line":3,"column":15}},"loc":{"start":{"line":3,"column":24},"end":{"line":3,"column":29}},"line":3},"2":{"name":"(anonymous_2)","decl":{"start":{"line":4,"column":14},"end":{"line":4,"column":15}},"loc":{"start":{"line":4,"column":24},"end":{"line":4,"column":29}},"line":4},"3":{"name":"(anonymous_3)","decl":{"start":{"line":5,"column":14},"end":{"line":5,"column":15}},"loc":{"start":{"line":5,"column":24},"end":{"line":5,"column":29}},"line":5},"4":{"name":"(anonymous_4)","decl":{"start":{"line":6,"column":14},"end":{"line":6,"column":15}},"loc":{"start":{"line":6,"column":24},"end":{"line":6,"column":29}},"line":6}},"branchMap":{},"s":{"0":1,"1":1,"2":1,"3":1,"4":1,"5":1,"6":1,"7":1,"8":1,"9":1,"10":1},"f":{"0":1,"1":1,"2":1,"3":1,"4":1},"b":{},"_coverageSchema":"1a1c01bbd47fc00a2c39e90264f33305004495a9","hash":"394786b2cca362237d1ab3612d14701f915aa870"}
,"/home/michael/OdinProjectRepos/odin-testing-practice/js/capitalize.js": {"path":"/home/michael/OdinProjectRepos/odin-testing-practice/js/capitalize.js","statementMap":{"0":{"start":{"line":2,"column":4},"end":{"line":2,"column":60}},"1":{"start":{"line":5,"column":0},"end":{"line":5,"column":28}}},"fnMap":{"0":{"name":"capitalize","decl":{"start":{"line":1,"column":9},"end":{"line":1,"column":19}},"loc":{"start":{"line":1,"column":28},"end":{"line":3,"column":1}},"line":1}},"branchMap":{},"s":{"0":1,"1":1},"f":{"0":1},"b":{},"_coverageSchema":"1a1c01bbd47fc00a2c39e90264f33305004495a9","hash":"2683e32a91b3d3a214aa8ae8ae59f572e96ab920"}
,"/home/michael/OdinProjectRepos/odin-testing-practice/js/ceasarCipher.js": {"path":"/home/michael/OdinProjectRepos/odin-testing-practice/js/ceasarCipher.js","statementMap":{"0":{"start":{"line":3,"column":15},"end":{"line":3,"column":17}},"1":{"start":{"line":4,"column":17},"end":{"line":4,"column":18}},"2":{"start":{"line":5,"column":21},"end":{"line":5,"column":29}},"3":{"start":{"line":7,"column":2},"end":{"line":19,"column":3}},"4":{"start":{"line":8,"column":4},"end":{"line":18,"column":5}},"5":{"start":{"line":9,"column":6},"end":{"line":9,"column":25}},"6":{"start":{"line":11,"column":6},"end":{"line":11,"column":51}},"7":{"start":{"line":12,"column":6},"end":{"line":12,"column":27}},"8":{"start":{"line":13,"column":6},"end":{"line":16,"column":7}},"9":{"start":{"line":14,"column":30},"end":{"line":14,"column":45}},"10":{"start":{"line":15,"column":8},"end":{"line":15,"column":47}},"11":{"start":{"line":17,"column":6},"end":{"line":17,"column":49}},"12":{"start":{"line":20,"column":2},"end":{"line":20,"column":27}},"13":{"start":{"line":21,"column":2},"end":{"line":21,"column":16}},"14":{"start":{"line":26,"column":0},"end":{"line":26,"column":30}}},"fnMap":{"0":{"name":"ceasarCipher","decl":{"start":{"line":1,"column":9},"end":{"line":1,"column":21}},"loc":{"start":{"line":1,"column":40},"end":{"line":22,"column":1}},"line":1}},"branchMap":{"0":{"loc":{"start":{"line":8,"column":4},"end":{"line":18,"column":5}},"type":"if","locations":[{"start":{"line":8,"column":4},"end":{"line":18,"column":5}},{"start":{"line":10,"column":11},"end":{"line":18,"column":5}}],"line":8},"1":{"loc":{"start":{"line":13,"column":6},"end":{"line":16,"column":7}},"type":"if","locations":[{"start":{"line":13,"column":6},"end":{"line":16,"column":7}},{"start":{},"end":{}}],"line":13}},"s":{"0":4,"1":4,"2":4,"3":4,"4":24,"5":3,"6":21,"7":21,"8":21,"9":3,"10":3,"11":21,"12":4,"13":4,"14":1},"f":{"0":4},"b":{"0":[3,21],"1":[3,18]},"_coverageSchema":"1a1c01bbd47fc00a2c39e90264f33305004495a9","hash":"9b794e175cec649f26036abec92bf24bfab4b06f"}
,"/home/michael/OdinProjectRepos/odin-testing-practice/js/cloneArray.js": {"path":"/home/michael/OdinProjectRepos/odin-testing-practice/js/cloneArray.js","statementMap":{"0":{"start":{"line":2,"column":4},"end":{"line":2,"column":21}},"1":{"start":{"line":5,"column":0},"end":{"line":5,"column":28}}},"fnMap":{"0":{"name":"cloneArray","decl":{"start":{"line":1,"column":9},"end":{"line":1,"column":19}},"loc":{"start":{"line":1,"column":27},"end":{"line":3,"column":1}},"line":1}},"branchMap":{},"s":{"0":2,"1":1},"f":{"0":2},"b":{},"_coverageSchema":"1a1c01bbd47fc00a2c39e90264f33305004495a9","hash":"d922472a2e589988c2a395dfeb1b3984fa8a8211"}
,"/home/michael/OdinProjectRepos/odin-testing-practice/js/reverseString.js": {"path":"/home/michael/OdinProjectRepos/odin-testing-practice/js/reverseString.js","statementMap":{"0":{"start":{"line":2,"column":4},"end":{"line":2,"column":47}},"1":{"start":{"line":5,"column":0},"end":{"line":5,"column":31}}},"fnMap":{"0":{"name":"reverseString","decl":{"start":{"line":1,"column":9},"end":{"line":1,"column":22}},"loc":{"start":{"line":1,"column":31},"end":{"line":3,"column":1}},"line":1}},"branchMap":{},"s":{"0":1,"1":1},"f":{"0":1},"b":{},"_coverageSchema":"1a1c01bbd47fc00a2c39e90264f33305004495a9","hash":"9f85d3c34ee7920377f42fec1b30c308de6bf7d3"}
,"/home/michael/OdinProjectRepos/odin-testing-practice/js/subtract.js": {"path":"/home/michael/OdinProjectRepos/odin-testing-practice/js/subtract.js","statementMap":{"0":{"start":{"line":2,"column":2},"end":{"line":2,"column":15}},"1":{"start":{"line":5,"column":0},"end":{"line":5,"column":26}}},"fnMap":{"0":{"name":"subtract","decl":{"start":{"line":1,"column":9},"end":{"line":1,"column":17}},"loc":{"start":{"line":1,"column":24},"end":{"line":3,"column":1}},"line":1}},"branchMap":{},"s":{"0":1,"1":1},"f":{"0":1},"b":{},"_coverageSchema":"1a1c01bbd47fc00a2c39e90264f33305004495a9","hash":"891ac663c603536842af14e9ad1466ad636c4cb7"}
,"/home/michael/OdinProjectRepos/odin-testing-practice/js/sum.js": {"path":"/home/michael/OdinProjectRepos/odin-testing-practice/js/sum.js","statementMap":{"0":{"start":{"line":2,"column":2},"end":{"line":2,"column":15}},"1":{"start":{"line":5,"column":0},"end":{"line":5,"column":21}}},"fnMap":{"0":{"name":"sum","decl":{"start":{"line":1,"column":9},"end":{"line":1,"column":12}},"loc":{"start":{"line":1,"column":19},"end":{"line":3,"column":1}},"line":1}},"branchMap":{},"s":{"0":1,"1":1},"f":{"0":1},"b":{},"_coverageSchema":"1a1c01bbd47fc00a2c39e90264f33305004495a9","hash":"600cc2c3698ad4b9c14ad665a38cd07626dd75db"}
}
